{"name":"Add two products to the shop car and checkout","id":"successful-login-with-username-and-password;add-two-products-to-the-shop-car-and-checkout","scenarioId":"exercise-2:Add two products to the shop car and checkout","methodName":"Add two products to the shop car and checkout","testSteps":[{"number":1,"description":"Given the user select two products","duration":6670,"startTime":"2024-05-10T17:37:39.434230-05:00[America/Guayaquil]","precondition":false,"level":0,"children":[{"number":2,"description":"Add a Sauce Labs Backpack to the cart","duration":6654,"startTime":"2024-05-10T17:37:39.450538-05:00[America/Guayaquil]","screenshots":[{"screenshot":"bb1aa3a1a845f1774955c419f48783db4ffe50c487751b05c0bbeb9c031555f6.png","htmlSource":"pagesource17303302354709687002.html","timeStamp":1715380666099,"screenshotName":"bb1aa3a1a845f1774955c419f48783db4ffe50c487751b05c0bbeb9c031555f6.png"}],"exception":{"errorType":"net.thucydides.core.webdriver.exceptions.ElementShouldBeEnabledException","message":"Expected enabled element was not enabled","stackTrace":[{"declaringClass":"com.saucedemo.ec.steps.SuccessfulLoginStep.SuccessfulLoginStep","methodName":"clickBtnAddBackpack","fileName":"SuccessfulLoginStep.java","lineNumber":22},{"declaringClass":"com.saucedemo.ec.definitions.AddProductsShoppingCart","methodName":"addProducts","fileName":"AddProductsShoppingCart.java","lineNumber":17}],"rootCause":{"errorType":"org.openqa.selenium.TimeoutException","message":"Expected condition failed: waiting for SuccessfulLoginFinders.btnAddSauceLabsBackpack to be enabled (tried for 5 second(s) with 100 milliseconds interval)","stackTrace":[{"declaringClass":"com.saucedemo.ec.steps.SuccessfulLoginStep.SuccessfulLoginStep","methodName":"clickBtnAddBackpack","fileName":"SuccessfulLoginStep.java","lineNumber":22},{"declaringClass":"com.saucedemo.ec.definitions.AddProductsShoppingCart","methodName":"addProducts","fileName":"AddProductsShoppingCart.java","lineNumber":17}],"rootCause":{"errorType":"org.openqa.selenium.NoSuchElementException","message":"Timed out after 2 seconds. Element not found\nFor documentation on this error, please visit: https://www.selenium.dev/documentation/webdriver/troubleshooting/errors#no-such-element-exception\nBuild info: version: \u00274.15.0\u0027, revision: \u00271d14b5521b\u0027\nSystem info: os.name: \u0027Mac OS X\u0027, os.arch: \u0027x86_64\u0027, os.version: \u002714.4.1\u0027, java.version: \u002720.0.1\u0027\nDriver info: driver.version: unknown","stackTrace":[{"declaringClass":"com.saucedemo.ec.steps.SuccessfulLoginStep.SuccessfulLoginStep","methodName":"clickBtnAddBackpack","fileName":"SuccessfulLoginStep.java","lineNumber":22},{"declaringClass":"com.saucedemo.ec.definitions.AddProductsShoppingCart","methodName":"addProducts","fileName":"AddProductsShoppingCart.java","lineNumber":17}]}}},"result":"FAILURE","precondition":false,"level":1}]},{"number":3,"description":"When the user press the shop car button","duration":0,"startTime":"2024-05-10T17:37:46.112887-05:00[America/Guayaquil]","result":"SKIPPED","precondition":false,"level":0},{"number":4,"description":"Then the user press checkout button","duration":0,"startTime":"2024-05-10T17:37:46.117975-05:00[America/Guayaquil]","result":"SKIPPED","precondition":false,"level":0}],"userStory":{"id":"exercise-2","storyName":"Successful login with username and password","displayName":"Successful login with username and password","path":"exercise-2","pathElements":[{"name":"exercise-2","description":""}],"type":"feature"},"title":"Add two products to the shop car and checkout","description":"","backgroundTitle":"Validate login with correct credentials","backgroundDescription":"","tags":[{"name":"Chrome","type":"context","displayName":"Chrome"},{"name":"Mac","type":"context","displayName":"Mac"},{"name":"SuccessfulLogin","type":"tag","displayName":"SuccessfulLogin"},{"name":"Chrome, Mac","type":"context","displayName":"Chrome, Mac"}],"startTime":"2024-05-10T17:37:39.431529-05:00[America/Guayaquil]","endTime":"2024-05-10T17:37:46.128650-05:00[America/Guayaquil]","duration":6697,"testFailureCause":{"errorType":"net.thucydides.core.webdriver.exceptions.ElementShouldBeEnabledException","message":"Expected enabled element was not enabled","stackTrace":[{"declaringClass":"com.saucedemo.ec.steps.SuccessfulLoginStep.SuccessfulLoginStep","methodName":"clickBtnAddBackpack","fileName":"SuccessfulLoginStep.java","lineNumber":22},{"declaringClass":"com.saucedemo.ec.definitions.AddProductsShoppingCart","methodName":"addProducts","fileName":"AddProductsShoppingCart.java","lineNumber":17}],"rootCause":{"errorType":"org.openqa.selenium.TimeoutException","message":"Expected condition failed: waiting for SuccessfulLoginFinders.btnAddSauceLabsBackpack to be enabled (tried for 5 second(s) with 100 milliseconds interval)","stackTrace":[{"declaringClass":"com.saucedemo.ec.steps.SuccessfulLoginStep.SuccessfulLoginStep","methodName":"clickBtnAddBackpack","fileName":"SuccessfulLoginStep.java","lineNumber":22},{"declaringClass":"com.saucedemo.ec.definitions.AddProductsShoppingCart","methodName":"addProducts","fileName":"AddProductsShoppingCart.java","lineNumber":17}],"rootCause":{"errorType":"org.openqa.selenium.NoSuchElementException","message":"Timed out after 2 seconds. Element not found\nFor documentation on this error, please visit: https://www.selenium.dev/documentation/webdriver/troubleshooting/errors#no-such-element-exception\nBuild info: version: \u00274.15.0\u0027, revision: \u00271d14b5521b\u0027\nSystem info: os.name: \u0027Mac OS X\u0027, os.arch: \u0027x86_64\u0027, os.version: \u002714.4.1\u0027, java.version: \u002720.0.1\u0027\nDriver info: driver.version: unknown","stackTrace":[{"declaringClass":"com.saucedemo.ec.steps.SuccessfulLoginStep.SuccessfulLoginStep","methodName":"clickBtnAddBackpack","fileName":"SuccessfulLoginStep.java","lineNumber":22},{"declaringClass":"com.saucedemo.ec.definitions.AddProductsShoppingCart","methodName":"addProducts","fileName":"AddProductsShoppingCart.java","lineNumber":17}]}}},"testFailureClassname":"net.thucydides.core.webdriver.exceptions.ElementShouldBeEnabledException","testFailureMessage":"Expected enabled element was not enabled","testFailureSummary":"FAILURE;net.thucydides.core.webdriver.exceptions.ElementShouldBeEnabledException;Expected enabled element was not enabled;SuccessfulLoginStep.java","projectKey":"","annotatedResult":"FAILURE","sessionId":"f8405f0a06baee6c99aa4d6b918b6d73","driver":"chrome","isManualTestingUpToDate":false,"context":"chrome,mac","manual":false,"testSource":"Cucumber","order":0,"result":"FAILURE"}